2025-04-21 16:15:54 checkUsers - Usuario: Luis Rol: administrador Email: luis@luis.es
2025-04-21 16:15:54 userController -> checkUserExists: Verificación de usuario  Email luis@luis.es
2025-04-21 16:16:23 checkUsers - Usuario: Eva María Rol: Ofrezco servicio Email: eva@eva.com
2025-04-21 16:16:23 userController -> checkUserExists: Verificación de usuario  Email eva@eva.com
2025-04-21 16:24:05 checkUsers - Usuario: Eva María Rol: Ofrezco servicio Email: eva@eva.com
2025-04-21 16:24:05 userController -> checkUserExists: Verificación de usuario  Email eva@eva.com
2025-04-21 16:46:19 checkUsers - Usuario: Luis Rol: administrador Email: luis@luis.es
2025-04-21 16:46:19 userController -> checkUserExists: Verificación de usuario  Email luis@luis.es
2025-04-21 16:50:24 checkUsers - Usuario: Eva María Rol: Ofrezco servicio Email: eva@eva.com
2025-04-21 16:50:24 userController -> checkUserExists: Verificación de usuario  Email eva@eva.com
2025-04-21 16:55:29 checkUsers - Usuario: Eva María Rol: Ofrezco servicio Email: eva@eva.com
2025-04-21 16:55:29 userController -> checkUserExists: Verificación de usuario  Email eva@eva.com
2025-04-21 17:03:24 checkUsers - Usuario: Eva María Rol: Ofrezco servicio Email: eva@eva.com
2025-04-21 17:03:24 userController -> checkUserExists: Verificación de usuario  Email eva@eva.com
2025-04-21 17:35:08 checkUsers - Usuario: Eva María Rol: Ofrezco servicio Email: eva@eva.com
2025-04-21 17:35:08 userController -> checkUserExists: Verificación de usuario  Email eva@eva.com
2025-04-21 17:40:20 checkUsers - Usuario: Eva María Rol: Ofrezco servicio Email: eva@eva.com
2025-04-21 17:40:20 userController -> checkUserExists: Verificación de usuario  Email eva@eva.com
2025-04-21 17:50:19 checkUsers - Usuario: Eva María Rol: Ofrezco servicio Email: eva@eva.com
2025-04-21 17:50:19 userController -> checkUserExists: Verificación de usuario  Email eva@eva.com
2025-04-21 18:13:01 checkUsers - Usuario: Eva María Rol: Ofrezco servicio Email: eva@eva.com
2025-04-21 18:13:01 userController -> checkUserExists: Verificación de usuario  Email eva@eva.com
2025-04-21 18:41:07 checkUsers - Usuario: Eva María Rol: Ofrezco servicio Email: eva@eva.com
2025-04-21 18:41:07 userController -> checkUserExists: Verificación de usuario  Email eva@eva.com
2025-04-21 18:43:12 checkUsers - Usuario: Eva María Rol: Ofrezco servicio Email: eva@eva.com
2025-04-21 18:43:12 userController -> checkUserExists: Verificación de usuario  Email eva@eva.com
2025-04-21 18:50:45 checkUsers - Usuario: Eva María Rol: Ofrezco servicio Email: eva@eva.com
2025-04-21 18:50:45 userController -> checkUserExists: Verificación de usuario  Email eva@eva.com
2025-04-21 18:53:06 checkUsers - Usuario: Luis Rol: administrador Email: luis@luis.es
2025-04-21 18:53:06 userController -> checkUserExists: Verificación de usuario  Email luis@luis.es
2025-04-21 18:54:33 checkUsers - Listado de usuarios mostrado
2025-04-22 12:36:16 checkUsers - Usuario: Eva María Rol: Ofrezco servicio Email: eva@eva.com
2025-04-22 12:36:16 userController -> checkUserExists: Verificación de usuario  Email eva@eva.com
2025-04-22 12:48:30 checkUsers - Usuario: Luis Rol: administrador Email: luis@luis.es
2025-04-22 12:48:30 userController -> checkUserExists: Verificación de usuario  Email luis@luis.es
2025-04-22 13:51:40 checkUsers - Usuario: León Rol: Ofrezco servicio Email: leon@leon.com
2025-04-22 13:51:40 userController -> checkUserExists: Verificación de usuario  Email leon@leon.com
2025-04-22 14:13:16 checkUsers - Usuario: León Rol: Ofrezco servicio Email: leon@leon.com
2025-04-22 14:13:16 userController -> checkUserExists: Verificación de usuario  Email leon@leon.com
2025-04-22 14:15:06 checkUsers - Usuario: León Rol: Ofrezco servicio Email: leon@leon.com
2025-04-22 14:15:06 userController -> checkUserExists: Verificación de usuario  Email leon@leon.com
2025-04-22 14:15:21 checkUsers - Contraseña incorrecta para usuario León con email leon@leon.com hash de bbdd $2y$10$fspeEy4J/DpQH3aFmpSni.702Mtri6iYxRGB73YsY2kTqnzrzg7oC password del post leon
2025-04-22 14:15:26 checkUsers - Usuario: León Rol: Ofrezco servicio Email: leon@leon.com
2025-04-22 14:15:26 userController -> checkUserExists: Verificación de usuario  Email leon@leon.com
2025-04-22 16:06:40 checkUsers - Contraseña incorrecta para usuario León con email leon@leon.com hash de bbdd $2y$10$fspeEy4J/DpQH3aFmpSni.702Mtri6iYxRGB73YsY2kTqnzrzg7oC password del post leon
2025-04-22 16:06:43 checkUsers - Usuario: León Rol: Ofrezco servicio Email: leon@leon.com
2025-04-22 16:06:43 userController -> checkUserExists: Verificación de usuario  Email leon@leon.com
2025-04-22 16:07:20 checkUsers - Usuario: León Rol: Ofrezco servicio Email: leon@leon.com
2025-04-22 16:07:20 userController -> checkUserExists: Verificación de usuario  Email leon@leon.com
2025-04-22 17:00:52 checkUsers - Usuario: León Rol: Ofrezco servicio Email: leon@leon.com
2025-04-22 17:00:52 userController -> checkUserExists: Verificación de usuario  Email leon@leon.com
2025-04-22 17:01:50 checkUsers - Usuario: León Rol: Ofrezco servicio Email: leon@leon.com
2025-04-22 17:01:51 userController -> checkUserExists: Verificación de usuario  Email leon@leon.com
2025-04-22 17:06:36 checkUsers - Usuario: Eva María Rol: Ofrezco servicio Email: eva@eva.com
2025-04-22 17:06:36 userController -> checkUserExists: Verificación de usuario  Email eva@eva.com
2025-04-22 19:25:01 checkUsers - Usuario: León Rol: Ofrezco servicio Email: leon@leon.com
2025-04-22 19:25:01 userController -> checkUserExists: Verificación de usuario  Email leon@leon.com
2025-04-22 19:32:58 checkUsers - Usuario: Eva María Rol: Ofrezco servicio Email: eva@eva.com
2025-04-22 19:32:58 userController -> checkUserExists: Verificación de usuario  Email eva@eva.com
2025-04-23 17:05:27 checkUsers - Usuario: León Rol: Ofrezco servicio Email: leon@leon.com
2025-04-23 17:05:27 userController -> checkUserExists: Verificación de usuario  Email leon@leon.com
2025-04-23 17:20:42 checkUsers - Usuario: León Rol: Ofrezco servicio Email: leon@leon.com
2025-04-23 17:20:42 userController -> checkUserExists: Verificación de usuario  Email leon@leon.com
2025-04-23 17:27:41 checkUsers - Usuario: Eva María Rol: Ofrezco servicio Email: eva@eva.com
2025-04-23 17:27:41 userController -> checkUserExists: Verificación de usuario  Email eva@eva.com
2025-04-23 17:48:36 checkUsers - Usuario: Adam Rol: Ofrezco servicio Email: adam@adam.com
2025-04-23 17:48:36 userController -> checkUserExists: Verificación de usuario  Email adam@adam.com
2025-04-23 18:59:53 checkUsers - Usuario: Eva María Rol: Ofrezco servicio Email: eva@eva.com
2025-04-23 18:59:53 userController -> checkUserExists: Verificación de usuario  Email eva@eva.com
2025-04-23 19:19:02 checkUsers - Usuario: Luis Rol: administrador Email: luis@luis.es
2025-04-23 19:19:02 userController -> checkUserExists: Verificación de usuario  Email luis@luis.es
2025-04-24 13:57:27 checkUsers - Usuario: León Rol: Ofrezco servicio Email: leon@leon.com
2025-04-24 13:57:27 userController -> checkUserExists: Verificación de usuario  Email leon@leon.com
2025-04-25 14:01:44 checkUsers - Usuario: Luis Rol: administrador Email: luis@luis.es
2025-04-25 14:01:44 userController -> checkUserExists: Verificación de usuario  Email luis@luis.es
2025-04-28 11:22:10 checkUsers - Usuario: Luis Rol: administrador Email: luis@luis.es
2025-04-28 11:22:10 userController -> checkUserExists: Verificación de usuario  Email luis@luis.es
