2025-04-21 16:15:54 session - Nombre: Luis Rol: administrador Email: luis@luis.es id_usuario 15
2025-04-21 16:16:23 session - Nombre: Eva María Rol: Ofrezco servicio Email: eva@eva.com id_usuario 13
2025-04-21 16:24:05 session - Nombre: Eva María Rol: Ofrezco servicio Email: eva@eva.com id_usuario 13
2025-04-21 16:46:19 session - Nombre: Luis Rol: administrador Email: luis@luis.es id_usuario 15
2025-04-21 16:50:24 session - Nombre: Eva María Rol: Ofrezco servicio Email: eva@eva.com id_usuario 13
2025-04-21 16:55:29 session - Nombre: Eva María Rol: Ofrezco servicio Email: eva@eva.com id_usuario 13
2025-04-21 17:03:24 session - Nombre: Eva María Rol: Ofrezco servicio Email: eva@eva.com id_usuario 13
2025-04-21 17:35:08 session - Nombre: Eva María Rol: Ofrezco servicio Email: eva@eva.com id_usuario 13
2025-04-21 17:40:20 session - Nombre: Eva María Rol: Ofrezco servicio Email: eva@eva.com id_usuario 13
2025-04-21 17:50:19 session - Nombre: Eva María Rol: Ofrezco servicio Email: eva@eva.com id_usuario 13
2025-04-21 18:13:01 session - Nombre: Eva María Rol: Ofrezco servicio Email: eva@eva.com id_usuario 13
2025-04-21 18:41:07 session - Nombre: Eva María Rol: Ofrezco servicio Email: eva@eva.com id_usuario 13
2025-04-21 18:43:12 session - Nombre: Eva María Rol: Ofrezco servicio Email: eva@eva.com id_usuario 13
2025-04-21 18:50:45 session - Nombre: Eva María Rol: Ofrezco servicio Email: eva@eva.com id_usuario 13
2025-04-21 18:53:06 session - Nombre: Luis Rol: administrador Email: luis@luis.es id_usuario 15
2025-04-22 12:24:27 session - Nombre: León Rol: Ofrezco servicio Email: leon@leon.com id_usuario 67
2025-04-22 12:30:24 session - Nombre: León Rol: Ofrezco servicio Email: leon@leon.com id_usuario 67
2025-04-22 12:33:06 session - Nombre: León Rol: Ofrezco servicio Email: leon@leon.com id_usuario 67
2025-04-22 12:36:16 session - Nombre: Eva María Rol: Ofrezco servicio Email: eva@eva.com id_usuario 13
2025-04-22 12:48:30 session - Nombre: Luis Rol: administrador Email: luis@luis.es id_usuario 15
2025-04-22 13:51:40 session - Nombre: León Rol: Ofrezco servicio Email: leon@leon.com id_usuario 67
2025-04-22 14:13:16 session - Nombre: León Rol: Ofrezco servicio Email: leon@leon.com id_usuario 67
2025-04-22 14:15:06 session - Nombre: León Rol: Ofrezco servicio Email: leon@leon.com id_usuario 67
2025-04-22 14:15:26 session - Nombre: León Rol: Ofrezco servicio Email: leon@leon.com id_usuario 67
2025-04-22 16:06:43 session - Nombre: León Rol: Ofrezco servicio Email: leon@leon.com id_usuario 67
2025-04-22 16:07:20 session - Nombre: León Rol: Ofrezco servicio Email: leon@leon.com id_usuario 67
2025-04-22 17:00:52 session - Nombre: León Rol: Ofrezco servicio Email: leon@leon.com id_usuario 67
2025-04-22 17:01:50 session - Nombre: León Rol: Ofrezco servicio Email: leon@leon.com id_usuario 67
2025-04-22 17:06:36 session - Nombre: Eva María Rol: Ofrezco servicio Email: eva@eva.com id_usuario 13
2025-04-22 17:41:38 session - Nombre: León Rol: Ofrezco servicio Email: leon@leon.com id_usuario 67
2025-04-22 19:25:01 session - Nombre: León Rol: Ofrezco servicio Email: leon@leon.com id_usuario 67
2025-04-22 19:32:58 session - Nombre: Eva María Rol: Ofrezco servicio Email: eva@eva.com id_usuario 13
2025-04-23 17:05:27 session - Nombre: León Rol: Ofrezco servicio Email: leon@leon.com id_usuario 67
2025-04-23 17:20:42 session - Nombre: León Rol: Ofrezco servicio Email: leon@leon.com id_usuario 67
2025-04-23 17:27:41 session - Nombre: Eva María Rol: Ofrezco servicio Email: eva@eva.com id_usuario 13
2025-04-23 17:48:36 session - Nombre: Adam Rol: Ofrezco servicio Email: adam@adam.com id_usuario 12
2025-04-23 18:59:53 session - Nombre: Eva María Rol: Ofrezco servicio Email: eva@eva.com id_usuario 13
2025-04-23 19:19:02 session - Nombre: Luis Rol: administrador Email: luis@luis.es id_usuario 15
2025-04-24 13:57:27 session - Nombre: León Rol: Ofrezco servicio Email: leon@leon.com id_usuario 67
2025-04-25 13:30:59 session - Nombre: Soledad Rol: Ofrezco servicio Email: sole@sole.es id_usuario 68
2025-04-25 13:35:49 session - Nombre: Soledad Rol: Ofrezco servicio Email: sole@sole.es id_usuario 68
2025-04-25 14:01:44 session - Nombre: Luis Rol: administrador Email: luis@luis.es id_usuario 15
2025-04-28 11:22:10 session - Nombre: Luis Rol: administrador Email: luis@luis.es id_usuario 15
