2025-04-22 12:30:24 userController -> El usuario: 6 se ha suscrito por: 6
2025-04-22 12:33:06 userController -> El usuario: 12 se ha suscrito por: 12
2025-04-22 14:12:58 userController -> passOlvidada: Pass Nueva: leon- Email a restablecer: leon@leon.com
2025-04-22 14:13:00 userController -> error al enviar email a: leon@leon.com
2025-04-22 14:13:53 userController -> updateUser: - modificación de usuario León Email leon@leon.com
2025-04-22 14:14:49 userController -> passOlvidada: Pass Nueva: leon1- Email a restablecer: leon@leon.com
2025-04-22 14:14:52 userController -> error al enviar email a: leon@leon.com
2025-04-22 14:15:46 userController -> updateUser: - modificación de usuario León Email leon@leon.com
2025-04-22 16:07:03 userController -> passOlvidada: Pass Nueva: leon- Email a restablecer: leon@leon.com
2025-04-22 16:07:05 userController -> error al enviar email a: leon@leon.com
2025-04-22 16:07:59 userController -> updateUser: - modificación de usuario León Email leon@leon.com
2025-04-22 16:25:13 userController -> updateUser: - modificación de usuario León Email leon@leon.com
2025-04-22 16:33:16 userController -> updateUser: - modificación de usuario León Email leon@leon.com
2025-04-22 16:59:37 userController -> updateUser: - modificación de usuario León Email leon@leon.com
2025-04-22 17:00:36 userController -> passOlvidada: Pass Nueva: leon1- Email a restablecer: leon@leon.com
2025-04-22 17:00:38 userController -> error al enviar email a: leon@leon.com
2025-04-22 17:01:15 userController -> updateUser: - modificación de usuario León Email leon@leon.com
2025-04-22 17:01:36 userController -> passOlvidada: Pass Nueva: leon- Email a restablecer: leon@leon.com
2025-04-22 17:01:38 userController -> error al enviar email a: leon@leon.com
2025-04-22 17:05:45 userController -> updateUser: - modificación de usuario León Email leon@leon.com
2025-04-22 17:41:38 userController -> El usuario: 6 se ha suscrito por: 6
2025-04-23 17:19:40 userController -> passOlvidada: Pass Nueva: leon1- Email a restablecer: leon@leon.com
2025-04-23 17:19:45 userController -> email enviado con exito a: leon@leon.com
2025-04-23 17:24:11 userController -> passOlvidada: Pass Nueva: leon- Email a restablecer: leon@leon.com
2025-04-23 17:24:16 userController -> email enviado con exito a: leon@leon.com
2025-04-25 13:35:49 userController -> El usuario: 3 se ha suscrito por: 3
